C51 COMPILER V9.54   DELAY                                                                 10/30/2024 11:54:03 PAGE 1   


C51 COMPILER V9.54, COMPILATION OF MODULE DELAY
OBJECT MODULE PLACED IN ..\OBJ\delay.obj
COMPILER INVOKED BY: D:\Keil_v5\C51\BIN\C51.EXE ..\SYS\delay.c OPTIMIZE(8,SPEED) BROWSE INCDIR(..\HARDWARE;..\SYS;D:\Kei
                    -l_v5\C51\INC) DEBUG OBJECTEXTEND PRINT(.\Listings\delay.lst) TABS(2) OBJECT(..\OBJ\delay.obj)

line level    source

   1          #include "delay.h"
   2          
   3          void Delay1ms()   //@12.000MHz
   4          {
   5   1        unsigned char i, j;
   6   1      
   7   1        i = 12;
   8   1        j = 169;
   9   1        do
  10   1        {
  11   2          while (--j);
  12   2        } while (--i);
  13   1      }
  14          
  15          void Delaynms( unsigned int n )
  16          {
  17   1        unsigned int i;
  18   1        for ( i=1;i<=n;i++ )
  19   1          Delay1ms();
  20   1      }
  21          


MODULE INFORMATION:   STATIC OVERLAYABLE
   CODE SIZE        =     35    ----
   CONSTANT SIZE    =   ----    ----
   XDATA SIZE       =   ----    ----
   PDATA SIZE       =   ----    ----
   DATA SIZE        =   ----    ----
   IDATA SIZE       =   ----    ----
   BIT SIZE         =   ----    ----
END OF MODULE INFORMATION.


C51 COMPILATION COMPLETE.  0 WARNING(S),  0 ERROR(S)
