C51 COMPILER V9.54   KEY                                                                   10/30/2024 11:54:03 PAGE 1   


C51 COMPILER V9.54, COMPILATION OF MODULE KEY
OBJECT MODULE PLACED IN ..\OBJ\key.obj
COMPILER INVOKED BY: D:\Keil_v5\C51\BIN\C51.EXE ..\HARDWARE\key.c OPTIMIZE(8,SPEED) BROWSE INCDIR(..\HARDWARE;..\SYS;D:\
                    -Keil_v5\C51\INC) DEBUG OBJECTEXTEND PRINT(.\Listings\key.lst) TABS(2) OBJECT(..\OBJ\key.obj)

line level    source

   1          #include "key.h"
   2          
   3          
   4          unsigned char Key_Read(void)
   5          {
   6   1        unsigned int Key_New;//16位的一个int型标志位，用来标志是哪个位被按下了
   7   1        unsigned char Key_Val;//按键扫描函数的返回值
   8   1        
   9   1        P44 = 0; P42 = 1; P35 = 1; P34 = 1; //扫描第一列
  10   1        Key_New = (P3 & 0x0f);
  11   1        P44 = 1; P42 = 0; P35 = 1; P34 = 1; //扫描第二列
  12   1        Key_New = ((Key_New<<4)|(P3 & 0x0f)); 
  13   1        P44 = 1; P42 = 1; P35 = 0; P34 = 1; //扫描第三列
  14   1        Key_New = ((Key_New<<4)|(P3 & 0x0f));   
  15   1        P44 = 1; P42 = 1; P35 = 1; P34 = 0; //扫描第四列
  16   1        Key_New = ((Key_New<<4)|(P3 & 0x0f));   
  17   1      
  18   1        switch( ~Key_New )
  19   1        {
  20   2          case 0x8000: Key_Val = 4; break;
  21   2          case 0x4000: Key_Val = 5; break;
  22   2          case 0x2000: Key_Val = 6; break;
  23   2          case 0x1000: Key_Val = 7; break;  
  24   2          case 0x0800: Key_Val = 8; break;
  25   2          case 0x0400: Key_Val = 9; break;
  26   2          case 0x0200: Key_Val = 10; break;
  27   2          case 0x0100: Key_Val = 11; break;   
  28   2          case 0x0080: Key_Val = 12; break;
  29   2          case 0x0040: Key_Val = 13; break;
  30   2          case 0x0020: Key_Val = 14; break;
  31   2          case 0x0010: Key_Val = 15; break;   
  32   2          case 0x0008: Key_Val = 16; break;
  33   2          case 0x0004: Key_Val = 17; break;
  34   2          case 0x0002: Key_Val = 18; break;
  35   2          case 0x0001: Key_Val = 19; break;   
  36   2          default : Key_Val = 0;
  37   2        }
  38   1      
  39   1        return Key_Val;
  40   1        
  41   1      } 
  42          
  43          
  44          
  45          
  46          
  47          
  48          
  49          
  50          
  51          
  52          


C51 COMPILER V9.54   KEY                                                                   10/30/2024 11:54:03 PAGE 2   

MODULE INFORMATION:   STATIC OVERLAYABLE
   CODE SIZE        =    263    ----
   CONSTANT SIZE    =   ----    ----
   XDATA SIZE       =   ----    ----
   PDATA SIZE       =   ----    ----
   DATA SIZE        =   ----       1
   IDATA SIZE       =   ----    ----
   BIT SIZE         =   ----    ----
END OF MODULE INFORMATION.


C51 COMPILATION COMPLETE.  0 WARNING(S),  0 ERROR(S)
