C51 COMPILER V9.54   LED                                                                   10/30/2024 11:54:03 PAGE 1   


C51 COMPILER V9.54, COMPILATION OF MODULE LED
OBJECT MODULE PLACED IN ..\OBJ\led.obj
COMPILER INVOKED BY: D:\Keil_v5\C51\BIN\C51.EXE ..\HARDWARE\led.c OPTIMIZE(8,SPEED) BROWSE INCDIR(..\HARDWARE;..\SYS;D:\
                    -Keil_v5\C51\INC) DEBUG OBJECTEXTEND PRINT(.\Listings\led.lst) TABS(2) OBJECT(..\OBJ\led.obj)

line level    source

   1          #include "led.h"
   2          
   3          void Led_Disp( unsigned char ucLed )
   4          {
   5   1        P0 = ~ucLed;
   6   1        P2 = P2 & 0X1F | 0X80;
   7   1        P2 &= 0X1F; //  P2 = P2 & 0X1F; 
   8   1      }
   9          


MODULE INFORMATION:   STATIC OVERLAYABLE
   CODE SIZE        =     16    ----
   CONSTANT SIZE    =   ----    ----
   XDATA SIZE       =   ----    ----
   PDATA SIZE       =   ----    ----
   DATA SIZE        =   ----    ----
   IDATA SIZE       =   ----    ----
   BIT SIZE         =   ----    ----
END OF MODULE INFORMATION.


C51 COMPILATION COMPLETE.  0 WARNING(S),  0 ERROR(S)
