C51 COMPILER V9.54   TIM                                                                   10/30/2024 22:39:08 PAGE 1   


C51 COMPILER V9.54, COMPILATION OF MODULE TIM
OBJECT MODULE PLACED IN ..\OBJ\tim.obj
COMPILER INVOKED BY: D:\Keil_v5\C51\BIN\C51.EXE ..\SYS\tim.c OPTIMIZE(8,SPEED) BROWSE INCDIR(..\HARDWARE;..\SYS;D:\Keil_
                    -v5\C51\INC) DEBUG OBJECTEXTEND PRINT(.\Listings\tim.lst) TABS(2) OBJECT(..\OBJ\tim.obj)

line level    source

   1          #include "tim.h"
   2          
   3          void Timer1_Init(void)
   4          {
   5   1        AUXR &= 0xBF;   
   6   1        TMOD &= 0x0F;   
   7   1        TL1 = 0x18;   
   8   1        TH1 = 0xFC;   
   9   1        TF1 = 0;    
  10   1        TR1 = 1;  //定时器1开启
  11   1        
  12   1        ET1 = 1; //定时器中断
  13   1        EA = 1; //总中断开启
  14   1      }
  15          
  16          void Cls_Peripheral(void)//临时寄存处，实在没地方去了，在此借宿一段时间，啥时候离开，不清楚
  17          {
  18   1        P0 = 0XFF;  //关闭LED灯
  19   1        P2 = P2 & 0X1F | 0X80;
  20   1        P2 &= 0X1F; //  P2 = P2 & 0X1F;
  21   1      
  22   1        P0 = 0;  //关闭外设，蜂鸣器，继电器等
  23   1        P2 = P2 & 0X1F | 0XA0;
  24   1        P2 &= 0X1F; //  P2 = P2 & 0X1F; 
  25   1      }


MODULE INFORMATION:   STATIC OVERLAYABLE
   CODE SIZE        =     50    ----
   CONSTANT SIZE    =   ----    ----
   XDATA SIZE       =   ----    ----
   PDATA SIZE       =   ----    ----
   DATA SIZE        =   ----    ----
   IDATA SIZE       =   ----    ----
   BIT SIZE         =   ----    ----
END OF MODULE INFORMATION.


C51 COMPILATION COMPLETE.  0 WARNING(S),  0 ERROR(S)
